               total        used        free      shared  buff/cache   available
Mem:        65266440     7430112    10873196      763644    48463212    57836328
Swap:        8388604      713440     7675164

               total        used        free      shared  buff/cache   available
Mem:        65266440     7849856    10437632      763684    48479020    57416584
Swap:        8388604      713440     7675164

               total        used        free      shared  buff/cache   available
Mem:        65266440     8254512    10030552      765816    48483560    57011928
Swap:        8388604      713440     7675164

               total        used        free      shared  buff/cache   available
Mem:        65266440     8427032     9856416      763724    48483084    56839408
Swap:        8388604      713440     7675164

               total        used        free      shared  buff/cache   available
Mem:        65266440     8970560     9311792      763708    48484152    56295880
Swap:        8388604      713440     7675164

               total        used        free      shared  buff/cache   available
Mem:        65266440     9615988     8666148     1027348    48748036    55650452
Swap:        8388604      713440     7675164

               total        used        free      shared  buff/cache   available
Mem:        65266440    11613980     6668144     3017528    50738216    53652460
Swap:        8388604      713440     7675164

               total        used        free      shared  buff/cache   available
Mem:        65266440    13640832     4641268     5066956    52787676    51625608
Swap:        8388604      713440     7675164

               total        used        free      shared  buff/cache   available
Mem:        65266440    14475872     3797560     5477212    53198396    50790568
Swap:        8388604      713440     7675164

               total        used        free      shared  buff/cache   available
Mem:        65266440    14846892     3425836     5644396    53366284    50419548
Swap:        8388604      713440     7675164

               total        used        free      shared  buff/cache   available
Mem:        65266440    14866432     3406136     5646868    53368912    50400008
Swap:        8388604      713440     7675164

               total        used        free      shared  buff/cache   available
Mem:        65266440    14865228     3404120     5644880    53370144    50401212
Swap:        8388604      713440     7675164

               total        used        free      shared  buff/cache   available
Mem:        65266440    14858340     3411024     5644840    53370092    50408100
Swap:        8388604      713440     7675164

               total        used        free      shared  buff/cache   available
Mem:        65266440    14843960     3425384     5644920    53370236    50422480
Swap:        8388604      713440     7675164

               total        used        free      shared  buff/cache   available
Mem:        65266440    14811616     3457680     5644880    53370252    50454824
Swap:        8388604      713440     7675164

               total        used        free      shared  buff/cache   available
Mem:        65266440    14797740     3471348     5644900    53370428    50468700
Swap:        8388604      713440     7675164

               total        used        free      shared  buff/cache   available
Mem:        65266440    14823532     3442352     5645160    53374000    50442908
Swap:        8388604      713440     7675164

               total        used        free      shared  buff/cache   available
Mem:        65266440    14850880     3404596     5636808    53375992    50415560
Swap:        8388604      713440     7675164

               total        used        free      shared  buff/cache   available
Mem:        65266440    14846548     3407720     5636832    53377180    50419892
Swap:        8388604      713440     7675164

               total        used        free      shared  buff/cache   available
Mem:        65266440    14822652     3431616     5636868    53377280    50443788
Swap:        8388604      713440     7675164

               total        used        free      shared  buff/cache   available
Mem:        65266440    14795696     3458492     5636668    53377096    50470744
Swap:        8388604      713440     7675164

               total        used        free      shared  buff/cache   available
Mem:        65266440    14779676     3474436     5636888    53377392    50486764
Swap:        8388604      713440     7675164

               total        used        free      shared  buff/cache   available
Mem:        65266440    14764036     3490076     5637028    53377608    50502404
Swap:        8388604      713440     7675164

               total        used        free      shared  buff/cache   available
Mem:        65266440    14757320     3496776     5639056    53379652    50509120
Swap:        8388604      713440     7675164

               total        used        free      shared  buff/cache   available
Mem:        65266440    14741276     3512680     5636828    53377488    50525164
Swap:        8388604      713440     7675164

               total        used        free      shared  buff/cache   available
Mem:        65266440    14728196     3525672     5636880    53377632    50538244
Swap:        8388604      713440     7675164

               total        used        free      shared  buff/cache   available
Mem:        65266440    14713380     3540488     5636884    53377636    50553060
Swap:        8388604      713440     7675164

               total        used        free      shared  buff/cache   available
Mem:        65266440    14705296     3548568     5636704    53377544    50561144
Swap:        8388604      713440     7675164

               total        used        free      shared  buff/cache   available
Mem:        65266440    14696936     3556856     5636484    53377404    50569504
Swap:        8388604      713440     7675164

               total        used        free      shared  buff/cache   available
Mem:        65266440    14687860     3565948     5636800    53377704    50578580
Swap:        8388604      713440     7675164

               total        used        free      shared  buff/cache   available
Mem:        65266440    14681980     3571696     5636912    53377928    50584460
Swap:        8388604      713440     7675164

               total        used        free      shared  buff/cache   available
Mem:        65266440    14676124     3577460     5656876    53397908    50590316
Swap:        8388604      713440     7675164

               total        used        free      shared  buff/cache   available
Mem:        65266440    14645208     3608280     5637844    53379076    50621232
Swap:        8388604      713440     7675164

               total        used        free      shared  buff/cache   available
Mem:        65266440    14719368     3529240     5647848    53393856    50547072
Swap:        8388604      713440     7675164

               total        used        free      shared  buff/cache   available
Mem:        65266440    14710600     3538036     5635528    53381508    50555840
Swap:        8388604      713440     7675164

               total        used        free      shared  buff/cache   available
Mem:        65266440    14701400     3547200     5639728    53385768    50565040
Swap:        8388604      713440     7675164

               total        used        free      shared  buff/cache   available
Mem:        65266440    14703888     3544596     5639708    53385864    50562552
Swap:        8388604      713440     7675164

               total        used        free      shared  buff/cache   available
Mem:        65266440    14700320     3548196     5637636    53383772    50566120
Swap:        8388604      713440     7675164

               total        used        free      shared  buff/cache   available
Mem:        65266440    14698912     3549564     5636400    53382552    50567528
Swap:        8388604      713440     7675164

               total        used        free      shared  buff/cache   available
Mem:        65266440    14690560     3559256     5638352    53383240    50575880
Swap:        8388604      713440     7675164

               total        used        free      shared  buff/cache   available
Mem:        65266440    14697828     3552000     5643408    53388284    50568612
Swap:        8388604      713440     7675164

               total        used        free      shared  buff/cache   available
Mem:        65266440    14863940     3385676     5643492    53388504    50402500
Swap:        8388604      713440     7675164

               total        used        free      shared  buff/cache   available
Mem:        65266440    14705564     3544052     5645124    53390136    50560876
Swap:        8388604      713440     7675164

               total        used        free      shared  buff/cache   available
Mem:        65266440    14343052     3906336     5645560    53390800    50923388
Swap:        8388604      713440     7675164

               total        used        free      shared  buff/cache   available
Mem:        65266440    14338268     3911008     5645184    53390580    50928172
Swap:        8388604      713440     7675164

               total        used        free      shared  buff/cache   available
Mem:        65266440    14320320     3928956     5645056    53390448    50946120
Swap:        8388604      713440     7675164

               total        used        free      shared  buff/cache   available
Mem:        65266440    16223984     2603728     6946468    54694696    49042456
Swap:        8388604      713440     7675164

               total        used        free      shared  buff/cache   available
Mem:        65266440    15730832     2514828     7056832    54805816    49535608
Swap:        8388604      713440     7675164

               total        used        free      shared  buff/cache   available
Mem:        65266440    15809244     2436360     7065936    54814972    49457196
Swap:        8388604      713440     7675164

               total        used        free      shared  buff/cache   available
Mem:        65266440    15818960     2426580     7064936    54814128    49447480
Swap:        8388604      713440     7675164

               total        used        free      shared  buff/cache   available
Mem:        65266440    15808576     2436880     7064836    54814020    49457864
Swap:        8388604      713440     7675164

               total        used        free      shared  buff/cache   available
Mem:        65266440    15789876     2455404     7059224    54808584    49476564
Swap:        8388604      713440     7675164

               total        used        free      shared  buff/cache   available
Mem:        65266440    15780276     2464856     7059740    54809248    49486164
Swap:        8388604      713440     7675164

               total        used        free      shared  buff/cache   available
Mem:        65266440    15793532     2451564     7059544    54809088    49472908
Swap:        8388604      713440     7675164

               total        used        free      shared  buff/cache   available
Mem:        65266440    15902800     2342036     7057244    54807036    49363640
Swap:        8388604      713440     7675164

               total        used        free      shared  buff/cache   available
Mem:        65266440    15920744     2324104     7054016    54803908    49345696
Swap:        8388604      713440     7675164

               total        used        free      shared  buff/cache   available
Mem:        65266440    15885548     2359172     7048688    54798596    49380892
Swap:        8388604      713440     7675164

               total        used        free      shared  buff/cache   available
Mem:        65266440    15860660     2383884     7048540    54798624    49405780
Swap:        8388604      713440     7675164

               total        used        free      shared  buff/cache   available
Mem:        65266440    15838124     2406336     7048436    54798672    49428316
Swap:        8388604      713440     7675164

               total        used        free      shared  buff/cache   available
Mem:        65266440    15828132     2416260     7048684    54798920    49438308
Swap:        8388604      713440     7675164

               total        used        free      shared  buff/cache   available
Mem:        65266440    15779536     2464648     7048640    54799084    49486904
Swap:        8388604      713440     7675164

               total        used        free      shared  buff/cache   available
Mem:        65266440    15768008     2476160     7050712    54801172    49498432
Swap:        8388604      713440     7675164

               total        used        free      shared  buff/cache   available
Mem:        65266440    15749800     2494176     7048364    54799016    49516640
Swap:        8388604      713440     7675164

               total        used        free      shared  buff/cache   available
Mem:        65266440    15759476     2484272     7060684    54811564    49506964
Swap:        8388604      713440     7675164

               total        used        free      shared  buff/cache   available
Mem:        65266440    15754424     2489352     7059456    54810308    49512016
Swap:        8388604      713440     7675164

               total        used        free      shared  buff/cache   available
Mem:        65266440    15864400     2379092     7059492    54810628    49402040
Swap:        8388604      713440     7675164

               total        used        free      shared  buff/cache   available
Mem:        65266440    16691936     1551556     7059812    54810948    48574504
Swap:        8388604      713440     7675164

               total        used        free      shared  buff/cache   available
Mem:        65266440    16696828     1546472     7059232    54810560    48569612
Swap:        8388604      713440     7675164

               total        used        free      shared  buff/cache   available
Mem:        65266440    16693040     1550184     7059736    54811256    48573400
Swap:        8388604      713440     7675164

               total        used        free      shared  buff/cache   available
Mem:        65266440    16688104     1555004     7059152    54810672    48578336
Swap:        8388604      713440     7675164

               total        used        free      shared  buff/cache   available
Mem:        65266440    16682424     1560492     7059372    54811084    48584016
Swap:        8388604      713440     7675164

               total        used        free      shared  buff/cache   available
Mem:        65266440    16671084     1571832     7054112    54805828    48595356
Swap:        8388604      713440     7675164

               total        used        free      shared  buff/cache   available
Mem:        65266440    16654492     1588192     7051072    54803016    48611948
Swap:        8388604      713440     7675164

               total        used        free      shared  buff/cache   available
Mem:        65266440    16676212     1566276     7056836    54808976    48590228
Swap:        8388604      713440     7675164

               total        used        free      shared  buff/cache   available
Mem:        65266440    16676232     1566256     7053724    54805864    48590208
Swap:        8388604      713440     7675164

               total        used        free      shared  buff/cache   available
Mem:        65266440    16688124     1554172     7055064    54807396    48578316
Swap:        8388604      713440     7675164

               total        used        free      shared  buff/cache   available
Mem:        65266440    16683716     1558456     7055440    54807960    48582724
Swap:        8388604      713440     7675164

               total        used        free      shared  buff/cache   available
Mem:        65266440    16688052     1554028     7056788    54809352    48578388
Swap:        8388604      713440     7675164

               total        used        free      shared  buff/cache   available
Mem:        65266440    16673980     1567952     7056476    54809220    48592460
Swap:        8388604      713440     7675164

               total        used        free      shared  buff/cache   available
Mem:        65266440    16656268     1635056     7055088    54758316    48610172
Swap:        8388604      713440     7675164

               total        used        free      shared  buff/cache   available
Mem:        65266440    16670504     1620708     7055264    54758684    48595936
Swap:        8388604      713440     7675164

               total        used        free      shared  buff/cache   available
Mem:        65266440    16673772     1617332     7055228    54758824    48592668
Swap:        8388604      713440     7675164

               total        used        free      shared  buff/cache   available
Mem:        65266440    16670060     1621028     7055096    54758708    48596380
Swap:        8388604      713440     7675164

               total        used        free      shared  buff/cache   available
Mem:        65266440    16697892     1592468     7056264    54760568    48568548
Swap:        8388604      713440     7675164

               total        used        free      shared  buff/cache   available
Mem:        65266440    16697104     1593256     7053656    54757928    48569336
Swap:        8388604      713440     7675164

               total        used        free      shared  buff/cache   available
Mem:        65266440    16702060     1588108     7053756    54758220    48564380
Swap:        8388604      713440     7675164

               total        used        free      shared  buff/cache   available
Mem:        65266440    16703860     1586192     7055724    54760388    48562580
Swap:        8388604      713440     7675164

               total        used        free      shared  buff/cache   available
Mem:        65266440    16697904     1592148     7053636    54758300    48568536
Swap:        8388604      713440     7675164

               total        used        free      shared  buff/cache   available
Mem:        65266440    16697112     1592660     7053796    54758656    48569328
Swap:        8388604      713440     7675164

               total        used        free      shared  buff/cache   available
Mem:        65266440    16600600     1693212     7053696    54754516    48665840
Swap:        8388604      713440     7675164

               total        used        free      shared  buff/cache   available
Mem:        65266440    16618488     1716884     7053576    54713304    48647952
Swap:        8388604      713440     7675164

               total        used        free      shared  buff/cache   available
Mem:        65266440    16611164     1740032     7050936    54694500    48655276
Swap:        8388604      713440     7675164

               total        used        free      shared  buff/cache   available
Mem:        65266440    16619104     1732028     7051188    54694752    48647336
Swap:        8388604      713440     7675164

               total        used        free      shared  buff/cache   available
Mem:        65266440    16654380     1695800     7051144    54695668    48612060
Swap:        8388604      713440     7675164

               total        used        free      shared  buff/cache   available
Mem:        65266440    16650252     1699928     7048512    54693036    48616188
Swap:        8388604      713440     7675164

               total        used        free      shared  buff/cache   available
Mem:        65266440    16662392     1687548     7048812    54693528    48604048
Swap:        8388604      713440     7675164

               total        used        free      shared  buff/cache   available
Mem:        65266440    16665204     1684628     7048772    54693668    48601236
Swap:        8388604      713440     7675164

               total        used        free      shared  buff/cache   available
Mem:        65266440    16665128     1684704     7048592    54693488    48601312
Swap:        8388604      713440     7675164

               total        used        free      shared  buff/cache   available
Mem:        65266440    16664196     1685404     7048572    54693644    48602244
Swap:        8388604      713440     7675164

               total        used        free      shared  buff/cache   available
Mem:        65266440    16664064     1685532     7050544    54695620    48602376
Swap:        8388604      713440     7675164

               total        used        free      shared  buff/cache   available
Mem:        65266440    16661700     1687780     7048616    54693884    48604740
Swap:        8388604      713440     7675164

               total        used        free      shared  buff/cache   available
Mem:        65266440    16646924     1702256     7047148    54692600    48619516
Swap:        8388604      713440     7675164

               total        used        free      shared  buff/cache   available
Mem:        65266440    16643900     1705276     7047260    54692716    48622540
Swap:        8388604      713440     7675164

               total        used        free      shared  buff/cache   available
Mem:        65266440    16678816     1670164     7051384    54697080    48587624
Swap:        8388604      713440     7675164

               total        used        free      shared  buff/cache   available
Mem:        65266440    16677452     1671324     7051488    54697424    48588988
Swap:        8388604      713440     7675164

               total        used        free      shared  buff/cache   available
Mem:        65266440    16638880     1709828     7044404    54690324    48627560
Swap:        8388604      713440     7675164

               total        used        free      shared  buff/cache   available
Mem:        65266440    16622932     1725652     7043292    54689412    48643508
Swap:        8388604      713440     7675164

               total        used        free      shared  buff/cache   available
Mem:        65266440    16618324     1730084     7043216    54689512    48648116
Swap:        8388604      713440     7675164

               total        used        free      shared  buff/cache   available
Mem:        65266440    16621232     1727100     7043400    54689696    48645208
Swap:        8388604      713440     7675164

               total        used        free      shared  buff/cache   available
Mem:        65266440    16628580     1719560     7047680    54694172    48637860
Swap:        8388604      713440     7675164

               total        used        free      shared  buff/cache   available
Mem:        65266440    16632220     1715932     7047564    54694040    48634220
Swap:        8388604      713440     7675164

               total        used        free      shared  buff/cache   available
Mem:        65266440    17692408      653212     8082548    55731556    47574032
Swap:        8388604      713440     7675164

               total        used        free      shared  buff/cache   available
Mem:        65266440    17676424      668944     8075996    55725260    47590016
Swap:        8388604      713440     7675164

               total        used        free      shared  buff/cache   available
Mem:        65266440    17702368      642876     8073900    55723284    47564072
Swap:        8388604      713440     7675164

               total        used        free      shared  buff/cache   available
Mem:        65266440    17697632      647436     8073840    55723400    47568808
Swap:        8388604      713440     7675164

               total        used        free      shared  buff/cache   available
Mem:        65266440    17693916      650996     8076384    55726104    47572524
Swap:        8388604      713440     7675164

               total        used        free      shared  buff/cache   available
Mem:        65266440    17693264      651688     8083240    55732924    47573176
Swap:        8388604      713440     7675164

               total        used        free      shared  buff/cache   available
Mem:        65266440    17685524      659236     8083076    55732956    47580916
Swap:        8388604      713440     7675164

               total        used        free      shared  buff/cache   available
Mem:        65266440    17671836      672876     8081060    55730988    47594604
Swap:        8388604      713440     7675164

               total        used        free      shared  buff/cache   available
Mem:        65266440    17670020      674500     8081144    55731268    47596420
Swap:        8388604      713440     7675164

               total        used        free      shared  buff/cache   available
Mem:        65266440    17670716      673604     8083232    55733552    47595724
Swap:        8388604      713440     7675164

               total        used        free      shared  buff/cache   available
Mem:        65266440    16678736     2342916     7058028    54096612    48587704
Swap:        8388604      713440     7675164

               total        used        free      shared  buff/cache   available
Mem:        65266440    16684052     2337408     7058088    54096864    48582388
Swap:        8388604      713440     7675164

               total        used        free      shared  buff/cache   available
Mem:        65266440    16724520     2295248     7060896    54101388    48541920
Swap:        8388604      713440     7675164

               total        used        free      shared  buff/cache   available
Mem:        65266440    16724716     2295052     7061720    54102212    48541724
Swap:        8388604      713440     7675164

               total        used        free      shared  buff/cache   available
Mem:        65266440    16754972     2264624     7061668    54102308    48511468
Swap:        8388604      713440     7675164

               total        used        free      shared  buff/cache   available
Mem:        65266440    16749600     2270024     7059660    54100272    48516840
Swap:        8388604      713440     7675164

               total        used        free      shared  buff/cache   available
Mem:        65266440    16748408     2271072     7059640    54100444    48518032
Swap:        8388604      713440     7675164

               total        used        free      shared  buff/cache   available
Mem:        65266440    16748844     2270552     7059400    54100396    48517596
Swap:        8388604      713440     7675164

               total        used        free      shared  buff/cache   available
Mem:        65266440    16747432     2271884     7059680    54100680    48519008
Swap:        8388604      713440     7675164

               total        used        free      shared  buff/cache   available
Mem:        65266440    16732872     2286244     7059260    54100452    48533568
Swap:        8388604      713440     7675164

               total        used        free      shared  buff/cache   available
Mem:        65266440    16733052     2286004     7059596    54100856    48533388
Swap:        8388604      713440     7675164

               total        used        free      shared  buff/cache   available
Mem:        65266440    16732492     2286452     7059640    54100932    48533948
Swap:        8388604      713440     7675164

               total        used        free      shared  buff/cache   available
Mem:        65266440    16760520     2258272     7073836    54115280    48505920
Swap:        8388604      713440     7675164

               total        used        free      shared  buff/cache   available
Mem:        65266440    16735092     2283640     7066320    54107824    48531348
Swap:        8388604      713440     7675164

               total        used        free      shared  buff/cache   available
Mem:        65266440    16745772     2272768     7065964    54107656    48520668
Swap:        8388604      713440     7675164

               total        used        free      shared  buff/cache   available
Mem:        65266440    16754788     2263752     7065796    54107496    48511652
Swap:        8388604      713440     7675164

               total        used        free      shared  buff/cache   available
Mem:        65266440    16759592     2258752     7067864    54109760    48506848
Swap:        8388604      713440     7675164

               total        used        free      shared  buff/cache   available
Mem:        65266440    16761092     2257132     7065976    54108068    48505348
Swap:        8388604      713440     7675164

               total        used        free      shared  buff/cache   available
Mem:        65266440    16761856     2256292     7065976    54108068    48504584
Swap:        8388604      713440     7675164

               total        used        free      shared  buff/cache   available
Mem:        65266440    16753268     2264680     7065920    54108212    48513172
Swap:        8388604      713440     7675164

               total        used        free      shared  buff/cache   available
Mem:        65266440    16754332     2263420     7065944    54108428    48512108
Swap:        8388604      713440     7675164

               total        used        free      shared  buff/cache   available
Mem:        65266440    16759492     2258260     7065876    54108360    48506948
Swap:        8388604      713440     7675164

               total        used        free      shared  buff/cache   available
Mem:        65266440    16803704     2213936     7065604    54108284    48462736
Swap:        8388604      713440     7675164

               total        used        free      shared  buff/cache   available
Mem:        65266440    16792432     2225124     7065268    54107948    48474008
Swap:        8388604      713440     7675164

               total        used        free      shared  buff/cache   available
Mem:        65266440    16792504     2224856     7065584    54108460    48473936
Swap:        8388604      713440     7675164

               total        used        free      shared  buff/cache   available
Mem:        65266440    16788616     2228620     7065184    54108244    48477824
Swap:        8388604      713440     7675164

               total        used        free      shared  buff/cache   available
Mem:        65266440    16728288     2334652     7065684    54063012    48538152
Swap:        8388604      713440     7675164

               total        used        free      shared  buff/cache   available
Mem:        65266440    16722604     2340120     7065564    54063088    48543836
Swap:        8388604      713440     7675164

               total        used        free      shared  buff/cache   available
Mem:        65266440    16727472     2335252     7065708    54063232    48538968
Swap:        8388604      713440     7675164

               total        used        free      shared  buff/cache   available
Mem:        65266440    16729160     2333368     7067468    54065188    48537280
Swap:        8388604      713440     7675164

               total        used        free      shared  buff/cache   available
Mem:        65266440    16733108     2329228     7067628    54065540    48533332
Swap:        8388604      713440     7675164

               total        used        free      shared  buff/cache   available
Mem:        65266440    16750860     2311476     7065888    54063804    48515580
Swap:        8388604      713440     7675164

               total        used        free      shared  buff/cache   available
Mem:        65266440    16791012     2271124     7065264    54063384    48475428
Swap:        8388604      713440     7675164

               total        used        free      shared  buff/cache   available
Mem:        65266440    16787180     2274836     7065628    54063944    48479260
Swap:        8388604      713440     7675164

               total        used        free      shared  buff/cache   available
Mem:        65266440    16759704     2302236     7065620    54063936    48506736
Swap:        8388604      713440     7675164

               total        used        free      shared  buff/cache   available
Mem:        65266440    16771676     2290140     7065644    54064156    48494764
Swap:        8388604      713440     7675164

               total        used        free      shared  buff/cache   available
Mem:        65266440    16772936     2288880     7065764    54064276    48493504
Swap:        8388604      713440     7675164

               total        used        free      shared  buff/cache   available
Mem:        65266440    16722296     2376844     7065500    54026708    48544144
Swap:        8388604      713440     7675164

               total        used        free      shared  buff/cache   available
Mem:        65266440    16729808     2389120     7065772    54007096    48536632
Swap:        8388604      713440     7675164

               total        used        free      shared  buff/cache   available
Mem:        65266440    16735168     2383752     7065512    54006836    48531272
Swap:        8388604      713440     7675164

               total        used        free      shared  buff/cache   available
Mem:        65266440    16747092     2371628     7065804    54007320    48519348
Swap:        8388604      713440     7675164

               total        used        free      shared  buff/cache   available
Mem:        65266440    16746056     2372664     7064528    54006044    48520384
Swap:        8388604      713440     7675164

               total        used        free      shared  buff/cache   available
Mem:        65266440    16760748     2357788     7066436    54008152    48505692
Swap:        8388604      713440     7675164

               total        used        free      shared  buff/cache   available
Mem:        65266440    16764356     2354008     7065928    54007892    48502084
Swap:        8388604      713440     7675164

               total        used        free      shared  buff/cache   available
Mem:        65266440    16764664     2353624     7065768    54007716    48501776
Swap:        8388604      713440     7675164

               total        used        free      shared  buff/cache   available
Mem:        65266440    16759904     2358256     7061992    54004136    48506536
Swap:        8388604      713440     7675164

               total        used        free      shared  buff/cache   available
Mem:        65266440    16751360     2366732     7065084    54007420    48515080
Swap:        8388604      713440     7675164

               total        used        free      shared  buff/cache   available
Mem:        65266440    16747244     2370748     7064596    54006932    48519196
Swap:        8388604      713440     7675164

               total        used        free      shared  buff/cache   available
Mem:        65266440    16764512     2353244     7082140    54024664    48501928
Swap:        8388604      713440     7675164

               total        used        free      shared  buff/cache   available
Mem:        65266440    16730012     2387712     7057544    54000060    48536428
Swap:        8388604      713440     7675164

               total        used        free      shared  buff/cache   available
Mem:        65266440    16675912     2445736     7057652    53996240    48590528
Swap:        8388604      713440     7675164

               total        used        free      shared  buff/cache   available
Mem:        65266440    16688036     2433488     7065664    54004444    48578404
Swap:        8388604      713440     7675164

               total        used        free      shared  buff/cache   available
Mem:        65266440    16689144     2432380     7065484    54004264    48577296
Swap:        8388604      713440     7675164

               total        used        free      shared  buff/cache   available
Mem:        65266440    16692432     2428852     7065516    54004492    48574008
Swap:        8388604      713440     7675164
